0 info it worked if it ends with ok
1 verbose cli [ '/Users/alejandromatamala/.nvm/versions/node/v6.11.3/bin/node',
1 verbose cli   '/Users/alejandromatamala/.nvm/versions/node/v6.11.3/bin/npm',
1 verbose cli   'install',
1 verbose cli   '-g' ]
2 info using npm@3.10.10
3 info using node@v6.11.3
4 silly loadCurrentTree Starting
5 silly install loadCurrentTree
6 silly install readGlobalPackageData
7 silly fetchPackageMetaData .
8 silly fetchDirectoryPackageData .
9 silly install normalizeTree
10 silly loadCurrentTree Finishing
11 silly loadIdealTree Starting
12 silly install loadIdealTree
13 silly cloneCurrentTree Starting
14 silly install cloneCurrentTreeToIdealTree
15 silly cloneCurrentTree Finishing
16 silly loadShrinkwrap Starting
17 silly install loadShrinkwrap
18 silly loadShrinkwrap Finishing
19 silly loadAllDepsIntoIdealTree Starting
20 silly install loadAllDepsIntoIdealTree
21 silly resolveWithNewModule tracebymusic@1.0.0 checking installable status
22 silly cache add args [ '.', null ]
23 verbose cache add spec .
24 silly cache add parsed spec Result {
24 silly cache add   raw: '.',
24 silly cache add   scope: null,
24 silly cache add   escapedName: null,
24 silly cache add   name: null,
24 silly cache add   rawSpec: '.',
24 silly cache add   spec: '/Users/alejandromatamala/Desktop/Local/understanding_networks/traceroute',
24 silly cache add   type: 'directory' }
25 verbose addLocalDirectory /Users/alejandromatamala/.npm/tracebymusic/1.0.0/package.tgz not in flight; packing
26 verbose correctMkdir /Users/alejandromatamala/.npm correctMkdir not in flight; initializing
27 info lifecycle tracebymusic@1.0.0~prepublish: tracebymusic@1.0.0
28 silly lifecycle tracebymusic@1.0.0~prepublish: no script for prepublish, continuing
29 verbose tar pack [ '/Users/alejandromatamala/.npm/tracebymusic/1.0.0/package.tgz',
29 verbose tar pack   '/Users/alejandromatamala/Desktop/Local/understanding_networks/traceroute' ]
30 verbose tarball /Users/alejandromatamala/.npm/tracebymusic/1.0.0/package.tgz
31 verbose folder /Users/alejandromatamala/Desktop/Local/understanding_networks/traceroute
32 verbose addLocalTarball adding from inside cache /Users/alejandromatamala/.npm/tracebymusic/1.0.0/package.tgz
33 verbose correctMkdir /Users/alejandromatamala/.npm correctMkdir not in flight; initializing
34 silly cache afterAdd tracebymusic@1.0.0
35 verbose afterAdd /Users/alejandromatamala/.npm/tracebymusic/1.0.0/package/package.json not in flight; writing
36 verbose correctMkdir /Users/alejandromatamala/.npm correctMkdir not in flight; initializing
37 verbose afterAdd /Users/alejandromatamala/.npm/tracebymusic/1.0.0/package/package.json written
38 silly fetchNamedPackageData cli-color
39 silly mapToRegistry name cli-color
40 silly mapToRegistry using default registry
41 silly mapToRegistry registry https://registry.npmjs.org/
42 silly mapToRegistry data Result {
42 silly mapToRegistry   raw: 'cli-color',
42 silly mapToRegistry   scope: null,
42 silly mapToRegistry   escapedName: 'cli-color',
42 silly mapToRegistry   name: 'cli-color',
42 silly mapToRegistry   rawSpec: '',
42 silly mapToRegistry   spec: 'latest',
42 silly mapToRegistry   type: 'tag' }
43 silly mapToRegistry uri https://registry.npmjs.org/cli-color
44 silly fetchNamedPackageData iplocation
45 silly mapToRegistry name iplocation
46 silly mapToRegistry using default registry
47 silly mapToRegistry registry https://registry.npmjs.org/
48 silly mapToRegistry data Result {
48 silly mapToRegistry   raw: 'iplocation',
48 silly mapToRegistry   scope: null,
48 silly mapToRegistry   escapedName: 'iplocation',
48 silly mapToRegistry   name: 'iplocation',
48 silly mapToRegistry   rawSpec: '',
48 silly mapToRegistry   spec: 'latest',
48 silly mapToRegistry   type: 'tag' }
49 silly mapToRegistry uri https://registry.npmjs.org/iplocation
50 silly fetchNamedPackageData nodejs-traceroute
51 silly mapToRegistry name nodejs-traceroute
52 silly mapToRegistry using default registry
53 silly mapToRegistry registry https://registry.npmjs.org/
54 silly mapToRegistry data Result {
54 silly mapToRegistry   raw: 'nodejs-traceroute',
54 silly mapToRegistry   scope: null,
54 silly mapToRegistry   escapedName: 'nodejs-traceroute',
54 silly mapToRegistry   name: 'nodejs-traceroute',
54 silly mapToRegistry   rawSpec: '',
54 silly mapToRegistry   spec: 'latest',
54 silly mapToRegistry   type: 'tag' }
55 silly mapToRegistry uri https://registry.npmjs.org/nodejs-traceroute
56 silly fetchNamedPackageData traceroute
57 silly mapToRegistry name traceroute
58 silly mapToRegistry using default registry
59 silly mapToRegistry registry https://registry.npmjs.org/
60 silly mapToRegistry data Result {
60 silly mapToRegistry   raw: 'traceroute',
60 silly mapToRegistry   scope: null,
60 silly mapToRegistry   escapedName: 'traceroute',
60 silly mapToRegistry   name: 'traceroute',
60 silly mapToRegistry   rawSpec: '',
60 silly mapToRegistry   spec: 'latest',
60 silly mapToRegistry   type: 'tag' }
61 silly mapToRegistry uri https://registry.npmjs.org/traceroute
62 silly fetchNamedPackageData youtube-search
63 silly mapToRegistry name youtube-search
64 silly mapToRegistry using default registry
65 silly mapToRegistry registry https://registry.npmjs.org/
66 silly mapToRegistry data Result {
66 silly mapToRegistry   raw: 'youtube-search',
66 silly mapToRegistry   scope: null,
66 silly mapToRegistry   escapedName: 'youtube-search',
66 silly mapToRegistry   name: 'youtube-search',
66 silly mapToRegistry   rawSpec: '',
66 silly mapToRegistry   spec: 'latest',
66 silly mapToRegistry   type: 'tag' }
67 silly mapToRegistry uri https://registry.npmjs.org/youtube-search
68 silly fetchOtherPackageData keys@file:keys.js
69 silly cache add args [ 'keys@file:keys.js', null ]
70 verbose cache add spec keys@file:keys.js
71 silly cache add parsed spec Result {
71 silly cache add   raw: 'keys@file:keys.js',
71 silly cache add   scope: null,
71 silly cache add   escapedName: 'keys',
71 silly cache add   name: 'keys',
71 silly cache add   rawSpec: 'file:keys.js',
71 silly cache add   spec: '/Users/alejandromatamala/Desktop/Local/understanding_networks/traceroute/keys.js',
71 silly cache add   type: 'local' }
72 silly addLocalTarball shasum (computed) e17355807b8986255884bfbdf5e87e78910df805
73 verbose addTmpTarball /Users/alejandromatamala/Desktop/Local/understanding_networks/traceroute/keys.js not in flight; adding
74 verbose correctMkdir /Users/alejandromatamala/.npm correctMkdir not in flight; initializing
75 verbose addTmpTarball validating metadata from /Users/alejandromatamala/Desktop/Local/understanding_networks/traceroute/keys.js
76 verbose tar unpack /Users/alejandromatamala/Desktop/Local/understanding_networks/traceroute/keys.js
77 verbose tar unpacking to /var/folders/xd/_8sw0lfj5rjdvgtnvqnd0kx00000gn/T/npm-45386-0ce5ad61/unpack-13cd57b2
78 silly gentlyRm /var/folders/xd/_8sw0lfj5rjdvgtnvqnd0kx00000gn/T/npm-45386-0ce5ad61/unpack-13cd57b2 is being purged
79 verbose gentlyRm don't care about contents; nuking /var/folders/xd/_8sw0lfj5rjdvgtnvqnd0kx00000gn/T/npm-45386-0ce5ad61/unpack-13cd57b2
80 verbose request uri https://registry.npmjs.org/cli-color
81 verbose request no auth needed
82 info attempt registry request try #1 at 10:07:57 AM
83 verbose request id 84867a21950258ba
84 verbose etag W/"599d3677-ec33"
85 verbose lastModified Wed, 23 Aug 2017 08:01:59 GMT
86 http request GET https://registry.npmjs.org/cli-color
87 verbose request uri https://registry.npmjs.org/nodejs-traceroute
88 verbose request no auth needed
89 info attempt registry request try #1 at 10:07:57 AM
90 verbose etag W/"588285d9-2df0"
91 verbose lastModified Fri, 20 Jan 2017 21:49:13 GMT
92 http request GET https://registry.npmjs.org/nodejs-traceroute
93 verbose request uri https://registry.npmjs.org/iplocation
94 verbose request no auth needed
95 info attempt registry request try #1 at 10:07:57 AM
96 verbose etag W/"59849a1e-3da2"
97 verbose lastModified Fri, 04 Aug 2017 16:00:30 GMT
98 http request GET https://registry.npmjs.org/iplocation
99 verbose request uri https://registry.npmjs.org/youtube-search
100 verbose request no auth needed
101 info attempt registry request try #1 at 10:07:57 AM
102 verbose etag W/"5982d93f-71ef"
103 verbose lastModified Thu, 03 Aug 2017 08:05:19 GMT
104 http request GET https://registry.npmjs.org/youtube-search
105 verbose request uri https://registry.npmjs.org/traceroute
106 verbose request no auth needed
107 info attempt registry request try #1 at 10:07:57 AM
108 verbose etag W/"5847cf9b-16bc"
109 verbose lastModified Wed, 07 Dec 2016 09:00:11 GMT
110 http request GET https://registry.npmjs.org/traceroute
111 silly gunzTarPerm modes [ '755', '644' ]
112 error not a package /Users/alejandromatamala/Desktop/Local/understanding_networks/traceroute/keys.js
113 error addLocal Could not install /Users/alejandromatamala/Desktop/Local/understanding_networks/traceroute/keys.js
114 silly fetchPackageMetaData Error: ENOENT: no such file or directory, open '/var/folders/xd/_8sw0lfj5rjdvgtnvqnd0kx00000gn/T/npm-45386-0ce5ad61/unpack-13cd57b2/package.json'
114 silly fetchPackageMetaData     at Error (native)
114 silly fetchPackageMetaData  error for keys@file:keys.js { Error: ENOENT: no such file or directory, open '/var/folders/xd/_8sw0lfj5rjdvgtnvqnd0kx00000gn/T/npm-45386-0ce5ad61/unpack-13cd57b2/package.json'
114 silly fetchPackageMetaData     at Error (native)
114 silly fetchPackageMetaData   errno: -2,
114 silly fetchPackageMetaData   code: 'ENOENT',
114 silly fetchPackageMetaData   syscall: 'open',
114 silly fetchPackageMetaData   path: '/var/folders/xd/_8sw0lfj5rjdvgtnvqnd0kx00000gn/T/npm-45386-0ce5ad61/unpack-13cd57b2/package.json' }
115 http 304 https://registry.npmjs.org/cli-color
116 verbose headers { date: 'Mon, 18 Sep 2017 14:07:59 GMT',
116 verbose headers   via: '1.1 varnish',
116 verbose headers   'cache-control': 'max-age=300',
116 verbose headers   etag: 'W/"599d3677-ec33"',
116 verbose headers   age: '177',
116 verbose headers   connection: 'keep-alive',
116 verbose headers   'x-served-by': 'cache-jfk8127-JFK',
116 verbose headers   'x-cache': 'HIT',
116 verbose headers   'x-cache-hits': '1',
116 verbose headers   'x-timer': 'S1505743680.570286,VS0,VE1',
116 verbose headers   vary: 'Accept-Encoding, Accept' }
117 silly get cb [ 304,
117 silly get   { date: 'Mon, 18 Sep 2017 14:07:59 GMT',
117 silly get     via: '1.1 varnish',
117 silly get     'cache-control': 'max-age=300',
117 silly get     etag: 'W/"599d3677-ec33"',
117 silly get     age: '177',
117 silly get     connection: 'keep-alive',
117 silly get     'x-served-by': 'cache-jfk8127-JFK',
117 silly get     'x-cache': 'HIT',
117 silly get     'x-cache-hits': '1',
117 silly get     'x-timer': 'S1505743680.570286,VS0,VE1',
117 silly get     vary: 'Accept-Encoding, Accept' } ]
118 verbose etag https://registry.npmjs.org/cli-color from cache
119 verbose get saving cli-color to /Users/alejandromatamala/.npm/registry.npmjs.org/cli-color/.cache.json
120 verbose correctMkdir /Users/alejandromatamala/.npm correctMkdir not in flight; initializing
121 http 304 https://registry.npmjs.org/nodejs-traceroute
122 verbose headers { date: 'Mon, 18 Sep 2017 14:07:59 GMT',
122 verbose headers   via: '1.1 varnish',
122 verbose headers   'cache-control': 'max-age=300',
122 verbose headers   etag: 'W/"588285d9-2df0"',
122 verbose headers   age: '268',
122 verbose headers   connection: 'keep-alive',
122 verbose headers   'x-served-by': 'cache-jfk8128-JFK',
122 verbose headers   'x-cache': 'HIT',
122 verbose headers   'x-cache-hits': '1',
122 verbose headers   'x-timer': 'S1505743680.572046,VS0,VE0',
122 verbose headers   vary: 'Accept-Encoding, Accept' }
123 silly get cb [ 304,
123 silly get   { date: 'Mon, 18 Sep 2017 14:07:59 GMT',
123 silly get     via: '1.1 varnish',
123 silly get     'cache-control': 'max-age=300',
123 silly get     etag: 'W/"588285d9-2df0"',
123 silly get     age: '268',
123 silly get     connection: 'keep-alive',
123 silly get     'x-served-by': 'cache-jfk8128-JFK',
123 silly get     'x-cache': 'HIT',
123 silly get     'x-cache-hits': '1',
123 silly get     'x-timer': 'S1505743680.572046,VS0,VE0',
123 silly get     vary: 'Accept-Encoding, Accept' } ]
124 verbose etag https://registry.npmjs.org/nodejs-traceroute from cache
125 verbose get saving nodejs-traceroute to /Users/alejandromatamala/.npm/registry.npmjs.org/nodejs-traceroute/.cache.json
126 verbose correctMkdir /Users/alejandromatamala/.npm correctMkdir not in flight; initializing
127 http 304 https://registry.npmjs.org/traceroute
128 verbose headers { date: 'Mon, 18 Sep 2017 14:07:59 GMT',
128 verbose headers   via: '1.1 varnish',
128 verbose headers   'cache-control': 'max-age=300',
128 verbose headers   etag: 'W/"5847cf9b-16bc"',
128 verbose headers   age: '268',
128 verbose headers   connection: 'keep-alive',
128 verbose headers   'x-served-by': 'cache-jfk8142-JFK',
128 verbose headers   'x-cache': 'HIT',
128 verbose headers   'x-cache-hits': '6',
128 verbose headers   'x-timer': 'S1505743680.582281,VS0,VE0',
128 verbose headers   vary: 'Accept-Encoding, Accept' }
129 silly get cb [ 304,
129 silly get   { date: 'Mon, 18 Sep 2017 14:07:59 GMT',
129 silly get     via: '1.1 varnish',
129 silly get     'cache-control': 'max-age=300',
129 silly get     etag: 'W/"5847cf9b-16bc"',
129 silly get     age: '268',
129 silly get     connection: 'keep-alive',
129 silly get     'x-served-by': 'cache-jfk8142-JFK',
129 silly get     'x-cache': 'HIT',
129 silly get     'x-cache-hits': '6',
129 silly get     'x-timer': 'S1505743680.582281,VS0,VE0',
129 silly get     vary: 'Accept-Encoding, Accept' } ]
130 verbose etag https://registry.npmjs.org/traceroute from cache
131 verbose get saving traceroute to /Users/alejandromatamala/.npm/registry.npmjs.org/traceroute/.cache.json
132 verbose correctMkdir /Users/alejandromatamala/.npm correctMkdir not in flight; initializing
133 silly resolveWithNewModule cli-color@1.2.0 checking installable status
134 silly cache add args [ 'cli-color@^1.2.0', null ]
135 verbose cache add spec cli-color@^1.2.0
136 silly cache add parsed spec Result {
136 silly cache add   raw: 'cli-color@^1.2.0',
136 silly cache add   scope: null,
136 silly cache add   escapedName: 'cli-color',
136 silly cache add   name: 'cli-color',
136 silly cache add   rawSpec: '^1.2.0',
136 silly cache add   spec: '>=1.2.0 <2.0.0',
136 silly cache add   type: 'range' }
137 silly addNamed cli-color@>=1.2.0 <2.0.0
138 verbose addNamed ">=1.2.0 <2.0.0" is a valid semver range for cli-color
139 silly addNameRange { name: 'cli-color', range: '>=1.2.0 <2.0.0', hasData: false }
140 silly mapToRegistry name cli-color
141 silly mapToRegistry using default registry
142 silly mapToRegistry registry https://registry.npmjs.org/
143 silly mapToRegistry data Result {
143 silly mapToRegistry   raw: 'cli-color',
143 silly mapToRegistry   scope: null,
143 silly mapToRegistry   escapedName: 'cli-color',
143 silly mapToRegistry   name: 'cli-color',
143 silly mapToRegistry   rawSpec: '',
143 silly mapToRegistry   spec: 'latest',
143 silly mapToRegistry   type: 'tag' }
144 silly mapToRegistry uri https://registry.npmjs.org/cli-color
145 verbose addNameRange registry:https://registry.npmjs.org/cli-color not in flight; fetching
146 silly resolveWithNewModule nodejs-traceroute@1.1.1 checking installable status
147 silly cache add args [ 'nodejs-traceroute@^1.1.1', null ]
148 verbose cache add spec nodejs-traceroute@^1.1.1
149 silly cache add parsed spec Result {
149 silly cache add   raw: 'nodejs-traceroute@^1.1.1',
149 silly cache add   scope: null,
149 silly cache add   escapedName: 'nodejs-traceroute',
149 silly cache add   name: 'nodejs-traceroute',
149 silly cache add   rawSpec: '^1.1.1',
149 silly cache add   spec: '>=1.1.1 <2.0.0',
149 silly cache add   type: 'range' }
150 silly addNamed nodejs-traceroute@>=1.1.1 <2.0.0
151 verbose addNamed ">=1.1.1 <2.0.0" is a valid semver range for nodejs-traceroute
152 silly addNameRange { name: 'nodejs-traceroute',
152 silly addNameRange   range: '>=1.1.1 <2.0.0',
152 silly addNameRange   hasData: false }
153 silly mapToRegistry name nodejs-traceroute
154 silly mapToRegistry using default registry
155 silly mapToRegistry registry https://registry.npmjs.org/
156 silly mapToRegistry data Result {
156 silly mapToRegistry   raw: 'nodejs-traceroute',
156 silly mapToRegistry   scope: null,
156 silly mapToRegistry   escapedName: 'nodejs-traceroute',
156 silly mapToRegistry   name: 'nodejs-traceroute',
156 silly mapToRegistry   rawSpec: '',
156 silly mapToRegistry   spec: 'latest',
156 silly mapToRegistry   type: 'tag' }
157 silly mapToRegistry uri https://registry.npmjs.org/nodejs-traceroute
158 verbose addNameRange registry:https://registry.npmjs.org/nodejs-traceroute not in flight; fetching
159 http 304 https://registry.npmjs.org/youtube-search
160 verbose headers { date: 'Mon, 18 Sep 2017 14:07:59 GMT',
160 verbose headers   via: '1.1 varnish',
160 verbose headers   'cache-control': 'max-age=300',
160 verbose headers   etag: 'W/"5982d93f-71ef"',
160 verbose headers   age: '267',
160 verbose headers   connection: 'keep-alive',
160 verbose headers   'x-served-by': 'cache-jfk8135-JFK',
160 verbose headers   'x-cache': 'HIT',
160 verbose headers   'x-cache-hits': '2',
160 verbose headers   'x-timer': 'S1505743680.582563,VS0,VE0',
160 verbose headers   vary: 'Accept-Encoding, Accept' }
161 silly get cb [ 304,
161 silly get   { date: 'Mon, 18 Sep 2017 14:07:59 GMT',
161 silly get     via: '1.1 varnish',
161 silly get     'cache-control': 'max-age=300',
161 silly get     etag: 'W/"5982d93f-71ef"',
161 silly get     age: '267',
161 silly get     connection: 'keep-alive',
161 silly get     'x-served-by': 'cache-jfk8135-JFK',
161 silly get     'x-cache': 'HIT',
161 silly get     'x-cache-hits': '2',
161 silly get     'x-timer': 'S1505743680.582563,VS0,VE0',
161 silly get     vary: 'Accept-Encoding, Accept' } ]
162 verbose etag https://registry.npmjs.org/youtube-search from cache
163 verbose get saving youtube-search to /Users/alejandromatamala/.npm/registry.npmjs.org/youtube-search/.cache.json
164 verbose correctMkdir /Users/alejandromatamala/.npm correctMkdir not in flight; initializing
165 http 304 https://registry.npmjs.org/iplocation
166 verbose headers { date: 'Mon, 18 Sep 2017 14:07:59 GMT',
166 verbose headers   via: '1.1 varnish',
166 verbose headers   'cache-control': 'max-age=300',
166 verbose headers   etag: 'W/"59849a1e-3da2"',
166 verbose headers   age: '267',
166 verbose headers   connection: 'keep-alive',
166 verbose headers   'x-served-by': 'cache-jfk8120-JFK',
166 verbose headers   'x-cache': 'HIT',
166 verbose headers   'x-cache-hits': '2',
166 verbose headers   'x-timer': 'S1505743680.592632,VS0,VE0',
166 verbose headers   vary: 'Accept-Encoding, Accept' }
167 silly get cb [ 304,
167 silly get   { date: 'Mon, 18 Sep 2017 14:07:59 GMT',
167 silly get     via: '1.1 varnish',
167 silly get     'cache-control': 'max-age=300',
167 silly get     etag: 'W/"59849a1e-3da2"',
167 silly get     age: '267',
167 silly get     connection: 'keep-alive',
167 silly get     'x-served-by': 'cache-jfk8120-JFK',
167 silly get     'x-cache': 'HIT',
167 silly get     'x-cache-hits': '2',
167 silly get     'x-timer': 'S1505743680.592632,VS0,VE0',
167 silly get     vary: 'Accept-Encoding, Accept' } ]
168 verbose etag https://registry.npmjs.org/iplocation from cache
169 verbose get saving iplocation to /Users/alejandromatamala/.npm/registry.npmjs.org/iplocation/.cache.json
170 verbose correctMkdir /Users/alejandromatamala/.npm correctMkdir not in flight; initializing
171 verbose get https://registry.npmjs.org/cli-color not expired, no request
172 silly addNameRange number 2 { name: 'cli-color', range: '>=1.2.0 <2.0.0', hasData: true }
173 silly addNameRange versions [ 'cli-color',
173 silly addNameRange   [ '0.1.0',
173 silly addNameRange     '0.1.1',
173 silly addNameRange     '0.1.2',
173 silly addNameRange     '0.1.3',
173 silly addNameRange     '0.1.4',
173 silly addNameRange     '0.1.5',
173 silly addNameRange     '0.1.6',
173 silly addNameRange     '0.1.7',
173 silly addNameRange     '0.2.0',
173 silly addNameRange     '0.2.1',
173 silly addNameRange     '0.2.2',
173 silly addNameRange     '0.2.3',
173 silly addNameRange     '0.3.0',
173 silly addNameRange     '0.3.1',
173 silly addNameRange     '0.3.2',
173 silly addNameRange     '0.3.3',
173 silly addNameRange     '1.0.0',
173 silly addNameRange     '1.1.0',
173 silly addNameRange     '1.2.0' ] ]
174 silly addNamed cli-color@1.2.0
175 verbose addNamed "1.2.0" is a plain semver version for cli-color
176 verbose get https://registry.npmjs.org/nodejs-traceroute not expired, no request
177 silly addNameRange number 2 { name: 'nodejs-traceroute',
177 silly addNameRange   range: '>=1.1.1 <2.0.0',
177 silly addNameRange   hasData: true }
178 silly addNameRange versions [ 'nodejs-traceroute',
178 silly addNameRange   [ '0.1.0', '0.1.1', '0.1.2', '1.0.0', '1.1.0', '1.1.1' ] ]
179 silly addNamed nodejs-traceroute@1.1.1
180 verbose addNamed "1.1.1" is a plain semver version for nodejs-traceroute
181 silly cache afterAdd cli-color@1.2.0
182 verbose afterAdd /Users/alejandromatamala/.npm/cli-color/1.2.0/package/package.json not in flight; writing
183 verbose correctMkdir /Users/alejandromatamala/.npm correctMkdir not in flight; initializing
184 silly cache afterAdd nodejs-traceroute@1.1.1
185 verbose afterAdd /Users/alejandromatamala/.npm/nodejs-traceroute/1.1.1/package/package.json not in flight; writing
186 verbose correctMkdir /Users/alejandromatamala/.npm correctMkdir not in flight; initializing
187 silly resolveWithNewModule traceroute@1.0.0 checking installable status
188 silly cache add args [ 'traceroute@^1.0.0', null ]
189 verbose cache add spec traceroute@^1.0.0
190 silly cache add parsed spec Result {
190 silly cache add   raw: 'traceroute@^1.0.0',
190 silly cache add   scope: null,
190 silly cache add   escapedName: 'traceroute',
190 silly cache add   name: 'traceroute',
190 silly cache add   rawSpec: '^1.0.0',
190 silly cache add   spec: '>=1.0.0 <2.0.0',
190 silly cache add   type: 'range' }
191 silly addNamed traceroute@>=1.0.0 <2.0.0
192 verbose addNamed ">=1.0.0 <2.0.0" is a valid semver range for traceroute
193 silly addNameRange { name: 'traceroute', range: '>=1.0.0 <2.0.0', hasData: false }
194 silly mapToRegistry name traceroute
195 silly mapToRegistry using default registry
196 silly mapToRegistry registry https://registry.npmjs.org/
197 silly mapToRegistry data Result {
197 silly mapToRegistry   raw: 'traceroute',
197 silly mapToRegistry   scope: null,
197 silly mapToRegistry   escapedName: 'traceroute',
197 silly mapToRegistry   name: 'traceroute',
197 silly mapToRegistry   rawSpec: '',
197 silly mapToRegistry   spec: 'latest',
197 silly mapToRegistry   type: 'tag' }
198 silly mapToRegistry uri https://registry.npmjs.org/traceroute
199 verbose addNameRange registry:https://registry.npmjs.org/traceroute not in flight; fetching
200 silly resolveWithNewModule iplocation@5.0.0 checking installable status
201 silly cache add args [ 'iplocation@^5.0.0', null ]
202 verbose cache add spec iplocation@^5.0.0
203 silly cache add parsed spec Result {
203 silly cache add   raw: 'iplocation@^5.0.0',
203 silly cache add   scope: null,
203 silly cache add   escapedName: 'iplocation',
203 silly cache add   name: 'iplocation',
203 silly cache add   rawSpec: '^5.0.0',
203 silly cache add   spec: '>=5.0.0 <6.0.0',
203 silly cache add   type: 'range' }
204 silly addNamed iplocation@>=5.0.0 <6.0.0
205 verbose addNamed ">=5.0.0 <6.0.0" is a valid semver range for iplocation
206 silly addNameRange { name: 'iplocation', range: '>=5.0.0 <6.0.0', hasData: false }
207 silly mapToRegistry name iplocation
208 silly mapToRegistry using default registry
209 silly mapToRegistry registry https://registry.npmjs.org/
210 silly mapToRegistry data Result {
210 silly mapToRegistry   raw: 'iplocation',
210 silly mapToRegistry   scope: null,
210 silly mapToRegistry   escapedName: 'iplocation',
210 silly mapToRegistry   name: 'iplocation',
210 silly mapToRegistry   rawSpec: '',
210 silly mapToRegistry   spec: 'latest',
210 silly mapToRegistry   type: 'tag' }
211 silly mapToRegistry uri https://registry.npmjs.org/iplocation
212 verbose addNameRange registry:https://registry.npmjs.org/iplocation not in flight; fetching
213 silly resolveWithNewModule youtube-search@1.0.10 checking installable status
214 silly cache add args [ 'youtube-search@^1.0.10', null ]
215 verbose cache add spec youtube-search@^1.0.10
216 silly cache add parsed spec Result {
216 silly cache add   raw: 'youtube-search@^1.0.10',
216 silly cache add   scope: null,
216 silly cache add   escapedName: 'youtube-search',
216 silly cache add   name: 'youtube-search',
216 silly cache add   rawSpec: '^1.0.10',
216 silly cache add   spec: '>=1.0.10 <2.0.0',
216 silly cache add   type: 'range' }
217 silly addNamed youtube-search@>=1.0.10 <2.0.0
218 verbose addNamed ">=1.0.10 <2.0.0" is a valid semver range for youtube-search
219 silly addNameRange { name: 'youtube-search',
219 silly addNameRange   range: '>=1.0.10 <2.0.0',
219 silly addNameRange   hasData: false }
220 silly mapToRegistry name youtube-search
221 silly mapToRegistry using default registry
222 silly mapToRegistry registry https://registry.npmjs.org/
223 silly mapToRegistry data Result {
223 silly mapToRegistry   raw: 'youtube-search',
223 silly mapToRegistry   scope: null,
223 silly mapToRegistry   escapedName: 'youtube-search',
223 silly mapToRegistry   name: 'youtube-search',
223 silly mapToRegistry   rawSpec: '',
223 silly mapToRegistry   spec: 'latest',
223 silly mapToRegistry   type: 'tag' }
224 silly mapToRegistry uri https://registry.npmjs.org/youtube-search
225 verbose addNameRange registry:https://registry.npmjs.org/youtube-search not in flight; fetching
226 verbose get https://registry.npmjs.org/traceroute not expired, no request
227 silly addNameRange number 2 { name: 'traceroute', range: '>=1.0.0 <2.0.0', hasData: true }
228 silly addNameRange versions [ 'traceroute', [ '0.0.1', '0.0.2', '0.0.3', '1.0.0' ] ]
229 silly addNamed traceroute@1.0.0
230 verbose addNamed "1.0.0" is a plain semver version for traceroute
231 verbose get https://registry.npmjs.org/iplocation not expired, no request
232 silly addNameRange number 2 { name: 'iplocation', range: '>=5.0.0 <6.0.0', hasData: true }
233 silly addNameRange versions [ 'iplocation',
233 silly addNameRange   [ '0.1.0',
233 silly addNameRange     '0.1.1',
233 silly addNameRange     '1.0.1',
233 silly addNameRange     '1.0.2',
233 silly addNameRange     '2.0.0',
233 silly addNameRange     '2.0.1',
233 silly addNameRange     '4.0.0',
233 silly addNameRange     '4.0.1',
233 silly addNameRange     '4.1.0',
233 silly addNameRange     '5.0.0' ] ]
234 silly addNamed iplocation@5.0.0
235 verbose addNamed "5.0.0" is a plain semver version for iplocation
236 verbose get https://registry.npmjs.org/youtube-search not expired, no request
237 silly addNameRange number 2 { name: 'youtube-search',
237 silly addNameRange   range: '>=1.0.10 <2.0.0',
237 silly addNameRange   hasData: true }
238 silly addNameRange versions [ 'youtube-search',
238 silly addNameRange   [ '0.0.1',
238 silly addNameRange     '0.0.2',
238 silly addNameRange     '0.0.3',
238 silly addNameRange     '0.0.4',
238 silly addNameRange     '0.0.6',
238 silly addNameRange     '0.0.7',
238 silly addNameRange     '0.0.8',
238 silly addNameRange     '0.0.9',
238 silly addNameRange     '0.1.0',
238 silly addNameRange     '0.1.1',
238 silly addNameRange     '0.1.2',
238 silly addNameRange     '0.1.3',
238 silly addNameRange     '0.1.4',
238 silly addNameRange     '0.2.0',
238 silly addNameRange     '1.0.0',
238 silly addNameRange     '1.0.1',
238 silly addNameRange     '1.0.2',
238 silly addNameRange     '1.0.3',
238 silly addNameRange     '1.0.4',
238 silly addNameRange     '1.0.5',
238 silly addNameRange     '1.0.6',
238 silly addNameRange     '1.0.7',
238 silly addNameRange     '1.0.8',
238 silly addNameRange     '1.0.9',
238 silly addNameRange     '1.0.10' ] ]
239 silly addNamed youtube-search@1.0.10
240 verbose addNamed "1.0.10" is a plain semver version for youtube-search
241 verbose afterAdd /Users/alejandromatamala/.npm/nodejs-traceroute/1.1.1/package/package.json written
242 verbose afterAdd /Users/alejandromatamala/.npm/cli-color/1.2.0/package/package.json written
243 silly cache afterAdd traceroute@1.0.0
244 verbose afterAdd /Users/alejandromatamala/.npm/traceroute/1.0.0/package/package.json not in flight; writing
245 verbose correctMkdir /Users/alejandromatamala/.npm correctMkdir not in flight; initializing
246 silly cache afterAdd iplocation@5.0.0
247 verbose afterAdd /Users/alejandromatamala/.npm/iplocation/5.0.0/package/package.json not in flight; writing
248 verbose correctMkdir /Users/alejandromatamala/.npm correctMkdir not in flight; initializing
249 silly cache afterAdd youtube-search@1.0.10
250 verbose afterAdd /Users/alejandromatamala/.npm/youtube-search/1.0.10/package/package.json not in flight; writing
251 verbose correctMkdir /Users/alejandromatamala/.npm correctMkdir not in flight; initializing
252 verbose afterAdd /Users/alejandromatamala/.npm/traceroute/1.0.0/package/package.json written
253 verbose afterAdd /Users/alejandromatamala/.npm/iplocation/5.0.0/package/package.json written
254 verbose afterAdd /Users/alejandromatamala/.npm/youtube-search/1.0.10/package/package.json written
255 silly rollbackFailedOptional Starting
256 silly rollbackFailedOptional Finishing
257 silly runTopLevelLifecycles Finishing
258 silly install printInstalled
259 verbose stack Error: ENOENT: no such file or directory, open '/var/folders/xd/_8sw0lfj5rjdvgtnvqnd0kx00000gn/T/npm-45386-0ce5ad61/unpack-13cd57b2/package.json'
259 verbose stack     at Error (native)
260 verbose cwd /Users/alejandromatamala/Desktop/Local/understanding_networks/traceroute
261 error Darwin 16.5.0
262 error argv "/Users/alejandromatamala/.nvm/versions/node/v6.11.3/bin/node" "/Users/alejandromatamala/.nvm/versions/node/v6.11.3/bin/npm" "install" "-g"
263 error node v6.11.3
264 error npm  v3.10.10
265 error path /var/folders/xd/_8sw0lfj5rjdvgtnvqnd0kx00000gn/T/npm-45386-0ce5ad61/unpack-13cd57b2/package.json
266 error code ENOENT
267 error errno -2
268 error syscall open
269 error enoent ENOENT: no such file or directory, open '/var/folders/xd/_8sw0lfj5rjdvgtnvqnd0kx00000gn/T/npm-45386-0ce5ad61/unpack-13cd57b2/package.json'
270 error enoent ENOENT: no such file or directory, open '/var/folders/xd/_8sw0lfj5rjdvgtnvqnd0kx00000gn/T/npm-45386-0ce5ad61/unpack-13cd57b2/package.json'
270 error enoent This is most likely not a problem with npm itself
270 error enoent and is related to npm not being able to find a file.
271 verbose exit [ -2, true ]
